<?xml version="1.0" encoding="UTF-8"?>
<testng-results ignored="0" total="1" passed="1" failed="0" skipped="0">
  <reporter-output>
  </reporter-output>
  <suite started-at="2025-09-01T21:13:20 IST" name="Suite" finished-at="2025-09-01T21:14:50 IST" duration-ms="89801">
    <groups>
    </groups>
    <test started-at="2025-09-01T21:13:20 IST" name="Test" finished-at="2025-09-01T21:14:50 IST" duration-ms="89801">
      <class name="initiation.ConactUs">
        <test-method is-config="true" signature="initializingWeb()[pri:0, instance:initiation.ConactUs@5032714f]" started-at="2025-09-01T21:13:12 IST" name="initializingWeb" finished-at="2025-09-01T21:13:20 IST" duration-ms="7507" status="PASS">
          <reporter-output>
          </reporter-output>
        </test-method> <!-- initializingWeb -->
        <test-method is-config="true" signature="allPageObject()[pri:0, instance:initiation.ConactUs@5032714f]" started-at="2025-09-01T21:13:20 IST" name="allPageObject" finished-at="2025-09-01T21:13:20 IST" duration-ms="84" status="PASS">
          <reporter-output>
          </reporter-output>
        </test-method> <!-- allPageObject -->
        <test-method signature="verifyDashBoardTest()[pri:1, instance:initiation.ConactUs@5032714f]" started-at="2025-09-01T21:13:20 IST" name="verifyDashBoardTest" finished-at="2025-09-01T21:14:50 IST" duration-ms="89627" status="PASS">
          <reporter-output>
          </reporter-output>
        </test-method> <!-- verifyDashBoardTest -->
        <test-method is-config="true" signature="tearDowmBrowser()[pri:0, instance:initiation.ConactUs@5032714f]" started-at="2025-09-01T21:14:50 IST" name="tearDowmBrowser" finished-at="2025-09-01T21:14:52 IST" duration-ms="2224" status="PASS">
          <reporter-output>
          </reporter-output>
        </test-method> <!-- tearDowmBrowser -->
      </class> <!-- initiation.ConactUs -->
    </test> <!-- Test -->
  </suite> <!-- Suite -->
</testng-results>
